c:\users\casse\github\zep\build-pzep-gui\src\zep.dir\release\editor.obj
c:\users\casse\github\zep\build-pzep-gui\src\zep.dir\release\fold.obj
c:\users\casse\github\zep\build-pzep-gui\src\zep.dir\release\mode_repl.obj
c:\users\casse\github\zep\build-pzep-gui\src\zep.dir\release\mode.obj
c:\users\casse\github\zep\build-pzep-gui\src\zep.dir\release\stringutils.obj
c:\users\casse\github\zep\build-pzep-gui\src\zep.dir\release\mode_search.obj
c:\users\casse\github\zep\build-pzep-gui\src\zep.dir\release\window.obj
c:\users\casse\github\zep\build-pzep-gui\src\zep.dir\release\filesystem.obj
c:\users\casse\github\zep\build-pzep-gui\src\zep.dir\release\mode_terminal.obj
c:\users\casse\github\zep\build-pzep-gui\src\zep.dir\release\timer.obj
c:\users\casse\github\zep\build-pzep-gui\src\zep.dir\release\mode_standard.obj
c:\users\casse\github\zep\build-pzep-gui\src\zep.dir\release\theme.obj
c:\users\casse\github\zep\build-pzep-gui\src\zep.dir\release\terminal.obj
c:\users\casse\github\zep\build-pzep-gui\src\zep.dir\release\line_widgets.obj
c:\users\casse\github\zep\build-pzep-gui\src\zep.dir\release\mode_vim.obj
c:\users\casse\github\zep\build-pzep-gui\src\zep.dir\release\glyph_iterator.obj
c:\users\casse\github\zep\build-pzep-gui\src\zep.dir\release\syntax.obj
c:\users\casse\github\zep\build-pzep-gui\src\zep.dir\release\commands.obj
c:\users\casse\github\zep\build-pzep-gui\src\zep.dir\release\syntax_providers.obj
c:\users\casse\github\zep\build-pzep-gui\src\zep.dir\release\display_raylib.obj
c:\users\casse\github\zep\build-pzep-gui\src\zep.dir\release\scroller.obj
c:\users\casse\github\zep\build-pzep-gui\src\zep.dir\release\display.obj
c:\users\casse\github\zep\build-pzep-gui\src\zep.dir\release\splits.obj
c:\users\casse\github\zep\build-pzep-gui\src\zep.dir\release\tab_window.obj
c:\users\casse\github\zep\build-pzep-gui\src\zep.dir\release\indexer.obj
c:\users\casse\github\zep\build-pzep-gui\src\zep.dir\release\syntax_tree.obj
c:\users\casse\github\zep\build-pzep-gui\src\zep.dir\release\buffer.obj
c:\users\casse\github\zep\build-pzep-gui\src\zep.dir\release\syntax_markdown.obj
c:\users\casse\github\zep\build-pzep-gui\src\zep.dir\release\path.obj
c:\users\casse\github\zep\build-pzep-gui\src\zep.dir\release\mode_tree.obj
c:\users\casse\github\zep\build-pzep-gui\src\zep.dir\release\commands_terminal.obj
c:\users\casse\github\zep\build-pzep-gui\src\zep.dir\release\keymap.obj
c:\users\casse\github\zep\build-pzep-gui\src\zep.dir\release\syntax_rainbow_brackets.obj
c:\users\casse\github\zep\build-pzep-gui\src\zep.dir\release\range_markers.obj
c:\users\casse\github\zep\build-pzep-gui\src\zep.dir\release\regress.obj
c:\users\casse\github\zep\build-pzep-gui\src\cmakefiles\generate.stamp
c:\users\casse\github\zep\build-pzep-gui\lib\release\zep.lib
c:\users\casse\github\zep\build-pzep-gui\src\zep.dir\release\zep.tlog\cl.command.1.tlog
c:\users\casse\github\zep\build-pzep-gui\src\zep.dir\release\zep.tlog\cl.items.tlog
c:\users\casse\github\zep\build-pzep-gui\src\zep.dir\release\zep.tlog\cl.read.1.tlog
c:\users\casse\github\zep\build-pzep-gui\src\zep.dir\release\zep.tlog\cl.write.1.tlog
c:\users\casse\github\zep\build-pzep-gui\src\zep.dir\release\zep.tlog\custombuild.command.1.tlog
c:\users\casse\github\zep\build-pzep-gui\src\zep.dir\release\zep.tlog\custombuild.read.1.tlog
c:\users\casse\github\zep\build-pzep-gui\src\zep.dir\release\zep.tlog\custombuild.write.1.tlog
c:\users\casse\github\zep\build-pzep-gui\src\zep.dir\release\zep.tlog\lib-link.read.1.tlog
c:\users\casse\github\zep\build-pzep-gui\src\zep.dir\release\zep.tlog\lib-link.write.1.tlog
c:\users\casse\github\zep\build-pzep-gui\src\zep.dir\release\zep.tlog\lib.command.1.tlog
